<?xml version="1.0" encoding="UTF-8"?>
<!-- Generated by org.testng.reporters.JUnitReportReporter -->
<testsuite skipped="0" hostname="aditikhulbe" name="Tests.SearchBusTest" tests="1" failures="0" timestamp="24 Jun 2021 14:48:46 GMT" time="16.217" errors="0">
  <testcase name="searchBus" time="16.217" classname="Tests.SearchBusTest"/>
</testsuite> <!-- Tests.SearchBusTest -->
