<?xml version="1.0" encoding="UTF-8"?>
<!-- Generated by org.testng.reporters.JUnitReportReporter -->
<testsuite hostname="aditikhulbe" failures="0" tests="1" name="Tests.AboutUsTest" time="13.625" errors="0" timestamp="29 Jun 2021 07:57:03 GMT" skipped="0">
  <testcase classname="Tests.AboutUsTest" name="AboutUsFunctionality" time="13.625"/>
</testsuite> <!-- Tests.AboutUsTest -->
