<?xml version="1.0" encoding="UTF-8"?>
<!-- Generated by org.testng.reporters.JUnitReportReporter -->
<testsuite hostname="aditikhulbe" failures="0" tests="1" name="Tests.LoginTest" time="26.085" errors="0" timestamp="30 Jun 2021 12:10:49 GMT" skipped="0">
  <testcase classname="Tests.LoginTest" name="invalidLogin" time="26.085"/>
</testsuite> <!-- Tests.LoginTest -->
