<?xml version="1.0" encoding="UTF-8"?>
<!-- Generated by org.testng.reporters.JUnitReportReporter -->
<testsuite hostname="aditikhulbe" failures="0" tests="1" name="Tests.SMSlinkTest" time="22.182" errors="0" timestamp="29 Jun 2021 09:51:48 GMT" skipped="0">
  <testcase classname="Tests.SMSlinkTest" name="SMSfunctionalityValid" time="22.182"/>
</testsuite> <!-- Tests.SMSlinkTest -->
