<?xml version="1.0" encoding="UTF-8"?>
<!-- Generated by org.testng.reporters.JUnitReportReporter -->
<testsuite skipped="0" hostname="aditikhulbe" name="Tests.HelpTest" tests="1" failures="0" timestamp="25 Jun 2021 08:53:45 GMT" time="11.664" errors="0">
  <testcase name="HelpPageFunctionality" time="11.664" classname="Tests.HelpTest"/>
</testsuite> <!-- Tests.HelpTest -->
