<?xml version="1.0" encoding="UTF-8"?>
<!-- Generated by org.testng.reporters.JUnitReportReporter -->
<testsuite skipped="0" hostname="aditikhulbe" name="Tests.FAQtest" tests="1" failures="0" timestamp="28 Jun 2021 13:43:09 GMT" time="84.257" errors="0">
  <testcase name="FAQpageFunctionality" time="84.257" classname="Tests.FAQtest"/>
</testsuite> <!-- Tests.FAQtest -->
