<?xml version="1.0" encoding="UTF-8"?>
<!-- Generated by org.testng.reporters.JUnitReportReporter -->
<testsuite hostname="aditikhulbe" failures="0" tests="1" name="Tests.BlogTest" time="14.199" errors="0" timestamp="29 Jun 2021 07:38:09 GMT" skipped="0">
  <testcase classname="Tests.BlogTest" name="BlogPageFunctionality" time="14.199"/>
</testsuite> <!-- Tests.BlogTest -->
