<?xml version="1.0" encoding="UTF-8"?>
<!-- Generated by org.testng.reporters.JUnitReportReporter -->
<testsuite hostname="aditikhulbe" failures="0" tests="2" name="Tests.SMSlinkTest" time="0.000" errors="0" timestamp="05 Jul 2021 11:56:50 GMT" skipped="2">
  <testcase classname="Tests.SMSlinkTest" name="SMSfunctionalityInvalid" time="0.000">
    <skipped/>
  </testcase> <!-- SMSfunctionalityInvalid -->
  <testcase classname="Tests.SMSlinkTest" name="SMSfunctionalityValid" time="0.000">
    <skipped/>
  </testcase> <!-- SMSfunctionalityValid -->
</testsuite> <!-- Tests.SMSlinkTest -->
