<?xml version="1.0" encoding="UTF-8"?>
<!-- Generated by org.testng.reporters.JUnitReportReporter -->
<testsuite hostname="aditikhulbe" failures="0" tests="1" name="Tests.CancelTicketTest" time="0.000" errors="0" timestamp="04 Jul 2021 09:17:04 GMT" skipped="1">
  <testcase classname="Tests.CancelTicketTest" name="CancelTicket" time="0.000">
    <skipped/>
  </testcase> <!-- CancelTicket -->
</testsuite> <!-- Tests.CancelTicketTest -->
