<?xml version="1.0" encoding="UTF-8"?>
<!-- Generated by org.testng.reporters.JUnitReportReporter -->
<testsuite hostname="aditikhulbe" failures="0" tests="1" name="Tests.FAQtest" time="85.351" errors="0" timestamp="30 Jun 2021 12:10:48 GMT" skipped="0">
  <testcase classname="Tests.FAQtest" name="FAQpageFunctionality" time="85.351"/>
</testsuite> <!-- Tests.FAQtest -->
