<?xml version="1.0" encoding="UTF-8"?>
<!-- Generated by org.testng.reporters.JUnitReportReporter -->
<testsuite hostname="aditikhulbe" failures="0" tests="1" name="Tests.AboutUsTest" time="21.464" errors="0" timestamp="30 Jun 2021 12:10:49 GMT" skipped="0">
  <testcase classname="Tests.AboutUsTest" name="AboutUsFunctionality" time="21.464"/>
</testsuite> <!-- Tests.AboutUsTest -->
