<?xml version="1.0" encoding="UTF-8"?>
<!-- Generated by org.testng.reporters.JUnitReportReporter -->
<testsuite skipped="0" hostname="aditikhulbe" name="Tests.AgentRegistrationTest" tests="1" failures="0" timestamp="28 Jun 2021 08:10:43 GMT" time="25.680" errors="0">
  <testcase name="RegAgentFunctionality" time="25.680" classname="Tests.AgentRegistrationTest"/>
</testsuite> <!-- Tests.AgentRegistrationTest -->
