<?xml version="1.0" encoding="UTF-8"?>
<!-- Generated by org.testng.reporters.JUnitReportReporter -->
<testsuite hostname="aditikhulbe" failures="0" tests="2" name="Tests.SocialMediaTest" time="39.786" errors="0" timestamp="30 Jun 2021 12:10:49 GMT" skipped="0">
  <testcase classname="Tests.SocialMediaTest" name="SocialMediaPageFunctionality" time="17.791"/>
  <testcase classname="Tests.SocialMediaTest" name="SocialMediaPageFunctionality2" time="21.995"/>
</testsuite> <!-- Tests.SocialMediaTest -->
