<?xml version="1.0" encoding="UTF-8"?>
<!-- Generated by org.testng.reporters.JUnitReportReporter -->
<testsuite hostname="aditikhulbe" failures="0" tests="2" name="Tests.SMSlinkTest" time="42.650" errors="0" timestamp="30 Jun 2021 12:10:48 GMT" skipped="0">
  <testcase classname="Tests.SMSlinkTest" name="SMSfunctionalityInvalid" time="21.060"/>
  <testcase classname="Tests.SMSlinkTest" name="SMSfunctionalityValid" time="21.590"/>
</testsuite> <!-- Tests.SMSlinkTest -->
