<?xml version="1.0" encoding="UTF-8"?>
<!-- Generated by org.testng.reporters.JUnitReportReporter -->
<testsuite hostname="aditikhulbe" failures="0" tests="1" name="Tests.MobileTest" time="16.433" errors="0" timestamp="04 Jul 2021 15:58:37 GMT" skipped="0">
  <testcase classname="Tests.MobileTest" name="MobilePageFunctionality" time="16.433"/>
</testsuite> <!-- Tests.MobileTest -->
