<?xml version="1.0" encoding="UTF-8"?>
<!-- Generated by org.testng.reporters.JUnitReportReporter -->
<testsuite hostname="aditikhulbe" failures="0" tests="1" name="Tests.CareerTest" time="21.708" errors="0" timestamp="29 Jun 2021 07:40:30 GMT" skipped="0">
  <testcase classname="Tests.CareerTest" name="CareersPageFunctionality" time="21.708"/>
</testsuite> <!-- Tests.CareerTest -->
