<?xml version="1.0" encoding="UTF-8"?>
<!-- Generated by org.testng.reporters.JUnitReportReporter -->
<testsuite skipped="0" hostname="aditikhulbe" name="Tests.ShowTicketTest" tests="1" failures="0" timestamp="24 Jun 2021 13:08:15 GMT" time="13.515" errors="0">
  <testcase name="ShowMyTicket" time="13.515" classname="Tests.ShowTicketTest"/>
</testsuite> <!-- Tests.ShowTicketTest -->
