<?xml version="1.0" encoding="UTF-8"?>
<!-- Generated by org.testng.reporters.JUnitReportReporter -->
<testsuite hostname="aditikhulbe" failures="0" tests="1" name="Tests.CancelTicketTest" time="12.936" errors="0" timestamp="29 Jun 2021 06:51:16 GMT" skipped="0">
  <testcase classname="Tests.CancelTicketTest" name="CancelTicket" time="12.936"/>
</testsuite> <!-- Tests.CancelTicketTest -->
