<?xml version="1.0" encoding="UTF-8"?>
<!-- Generated by org.testng.reporters.JUnitReportReporter -->
<testsuite skipped="0" hostname="aditikhulbe" name="Tests.CancelTicketTest" tests="1" failures="0" timestamp="28 Jun 2021 14:48:32 GMT" time="14.003" errors="0">
  <testcase name="CancelTicket" time="14.003" classname="Tests.CancelTicketTest"/>
</testsuite> <!-- Tests.CancelTicketTest -->
