<?xml version="1.0" encoding="UTF-8"?>
<!-- Generated by org.testng.reporters.JUnitReportReporter -->
<testsuite hostname="aditikhulbe" failures="0" tests="1" name="Tests.AgentRegistrationTest" time="78.952" errors="0" timestamp="29 Jun 2021 08:01:03 GMT" skipped="0">
  <testcase classname="Tests.AgentRegistrationTest" name="RegAgentFunctionality" time="78.952"/>
</testsuite> <!-- Tests.AgentRegistrationTest -->
