<?xml version="1.0" encoding="UTF-8"?>
<!-- Generated by org.testng.reporters.JUnitReportReporter -->
<testsuite skipped="0" hostname="aditikhulbe" name="Tests.CancelTicketTest" tests="1" failures="0" timestamp="25 Jun 2021 08:33:48 GMT" time="13.490" errors="0">
  <testcase name="CancelTicket" time="13.490" classname="Tests.CancelTicketTest"/>
</testsuite> <!-- Tests.CancelTicketTest -->
