<?xml version="1.0" encoding="UTF-8"?>
<!-- Generated by org.testng.reporters.JUnitReportReporter -->
<testsuite hostname="aditikhulbe" failures="0" tests="1" name="Tests.ShowTicketTest" time="38.914" errors="0" timestamp="01 Jul 2021 04:40:02 GMT" skipped="0">
  <testcase classname="Tests.ShowTicketTest" name="ShowMyTicket" time="38.914"/>
</testsuite> <!-- Tests.ShowTicketTest -->
