<?xml version="1.0" encoding="UTF-8"?>
<!-- Generated by org.testng.reporters.JUnitReportReporter -->
<testsuite hostname="aditikhulbe" failures="0" tests="1" name="Tests.OffersTest" time="0.000" errors="0" timestamp="04 Jul 2021 09:17:04 GMT" skipped="1">
  <testcase classname="Tests.OffersTest" name="OffersPageFunctionality" time="0.000">
    <skipped/>
  </testcase> <!-- OffersPageFunctionality -->
</testsuite> <!-- Tests.OffersTest -->
