<?xml version="1.0" encoding="UTF-8"?>
<!-- Generated by org.testng.reporters.JUnitReportReporter -->
<testsuite skipped="0" hostname="aditikhulbe" name="Tests.CareerTest" tests="1" failures="0" timestamp="25 Jun 2021 11:49:45 GMT" time="32.576" errors="0">
  <testcase name="CareersPageFunctionality" time="32.576" classname="Tests.CareerTest"/>
</testsuite> <!-- Tests.CareerTest -->
