<?xml version="1.0" encoding="UTF-8"?>
<!-- Generated by org.testng.reporters.JUnitReportReporter -->
<testsuite skipped="0" hostname="aditikhulbe" name="Tests.SocialMediaTest" tests="2" failures="0" timestamp="25 Jun 2021 11:57:37 GMT" time="34.126" errors="0">
  <testcase name="SocialMediaPageFunctionality2" time="17.172" classname="Tests.SocialMediaTest"/>
  <testcase name="SocialMediaPageFunctionality" time="16.954" classname="Tests.SocialMediaTest"/>
</testsuite> <!-- Tests.SocialMediaTest -->
