<?xml version="1.0" encoding="UTF-8"?>
<!-- Generated by org.testng.reporters.JUnitReportReporter -->
<testsuite skipped="0" hostname="aditikhulbe" name="Tests.OffersTest" tests="1" failures="0" timestamp="28 Jun 2021 06:58:12 GMT" time="13.603" errors="0">
  <testcase name="OffersPageFunctionality" time="13.603" classname="Tests.OffersTest"/>
</testsuite> <!-- Tests.OffersTest -->
