<?xml version="1.0" encoding="UTF-8"?>
<!-- Generated by org.testng.reporters.JUnitReportReporter -->
<testsuite hostname="aditikhulbe" failures="0" tests="5" name="Tests.RpoolTest" time="92.008" errors="0" timestamp="30 Jun 2021 12:10:49 GMT" skipped="0">
  <testcase classname="Tests.RpoolTest" name="RpoolFunctionality3" time="18.358"/>
  <testcase classname="Tests.RpoolTest" name="RpoolFunctionality4" time="18.422"/>
  <testcase classname="Tests.RpoolTest" name="RpoolFunctionality" time="14.003"/>
  <testcase classname="Tests.RpoolTest" name="RpoolFunctionality2" time="23.600"/>
  <testcase classname="Tests.RpoolTest" name="RpoolFunctionality5" time="17.625"/>
</testsuite> <!-- Tests.RpoolTest -->
