<?xml version="1.0" encoding="UTF-8"?>
<!-- Generated by org.testng.reporters.JUnitReportReporter -->
<testsuite hostname="aditikhulbe" failures="0" tests="1" name="Tests.OffersTest" time="19.005" errors="0" timestamp="01 Jul 2021 11:35:45 GMT" skipped="0">
  <testcase classname="Tests.OffersTest" name="OffersPageFunctionality" time="19.005"/>
</testsuite> <!-- Tests.OffersTest -->
