<?xml version="1.0" encoding="UTF-8"?>
<!-- Generated by org.testng.reporters.JUnitReportReporter -->
<testsuite hostname="aditikhulbe" failures="0" tests="1" name="Tests.CancelTicketTest" time="35.001" errors="0" timestamp="30 Jun 2021 12:10:49 GMT" skipped="0">
  <testcase classname="Tests.CancelTicketTest" name="CancelTicket" time="35.001"/>
</testsuite> <!-- Tests.CancelTicketTest -->
