<?xml version="1.0" encoding="UTF-8"?>
<!-- Generated by org.testng.reporters.JUnitReportReporter -->
<testsuite skipped="0" hostname="aditikhulbe" name="Tests.MobileTest" tests="1" failures="0" timestamp="25 Jun 2021 11:31:58 GMT" time="15.549" errors="0">
  <testcase name="MobilePageFunctionality" time="15.549" classname="Tests.MobileTest"/>
</testsuite> <!-- Tests.MobileTest -->
