<?xml version="1.0" encoding="UTF-8"?>
<!-- Generated by org.testng.reporters.JUnitReportReporter -->
<testsuite hostname="aditikhulbe" failures="0" tests="1" name="Tests.BlogTest" time="22.231" errors="0" timestamp="30 Jun 2021 12:10:48 GMT" skipped="0">
  <testcase classname="Tests.BlogTest" name="BlogPageFunctionality" time="22.231"/>
</testsuite> <!-- Tests.BlogTest -->
