<?xml version="1.0" encoding="UTF-8"?>
<!-- Generated by org.testng.reporters.JUnitReportReporter -->
<testsuite hostname="aditikhulbe" failures="0" tests="2" name="Tests.SMSlinkTest" time="44.727" errors="0" timestamp="29 Jun 2021 07:28:48 GMT" skipped="0">
  <testcase classname="Tests.SMSlinkTest" name="SMSfunctionalityValid" time="23.673"/>
  <testcase classname="Tests.SMSlinkTest" name="SMSfunctionalityInvalid" time="21.054"/>
</testsuite> <!-- Tests.SMSlinkTest -->
