<?xml version="1.0" encoding="UTF-8"?>
<!-- Generated by org.testng.reporters.JUnitReportReporter -->
<testsuite hostname="aditikhulbe" failures="0" tests="1" name="Tests.BlogTest" time="27.826" errors="0" timestamp="01 Jul 2021 08:51:10 GMT" skipped="0">
  <testcase classname="Tests.BlogTest" name="BlogPageFunctionality" time="27.826"/>
</testsuite> <!-- Tests.BlogTest -->
