<?xml version="1.0" encoding="UTF-8"?>
<!-- Generated by org.testng.reporters.JUnitReportReporter -->
<testsuite hostname="aditikhulbe" failures="0" tests="1" name="Tests.ShowTicketTest" time="13.329" errors="0" timestamp="29 Jun 2021 07:22:13 GMT" skipped="0">
  <testcase classname="Tests.ShowTicketTest" name="ShowMyTicket" time="13.329"/>
</testsuite> <!-- Tests.ShowTicketTest -->
