<?xml version="1.0" encoding="UTF-8"?>
<!-- Generated by org.testng.reporters.JUnitReportReporter -->
<testsuite hostname="aditikhulbe" failures="0" tests="1" name="Tests.FAQtest" time="85.568" errors="0" timestamp="30 Jun 2021 18:07:30 GMT" skipped="0">
  <testcase classname="Tests.FAQtest" name="FAQpageFunctionality" time="85.568"/>
</testsuite> <!-- Tests.FAQtest -->
