<?xml version="1.0" encoding="UTF-8"?>
<!-- Generated by org.testng.reporters.JUnitReportReporter -->
<testsuite hostname="aditikhulbe" failures="0" tests="3" name="Tests.AwardTest" time="0.000" errors="0" timestamp="05 Jul 2021 11:56:50 GMT" skipped="3">
  <testcase classname="Tests.AwardTest" name="AwardPageTest" time="0.000">
    <skipped/>
  </testcase> <!-- AwardPageTest -->
  <testcase classname="Tests.AwardTest" name="AwardPageTest2" time="0.000">
    <skipped/>
  </testcase> <!-- AwardPageTest2 -->
  <testcase classname="Tests.AwardTest" name="AwardPageTest3" time="0.000">
    <skipped/>
  </testcase> <!-- AwardPageTest3 -->
</testsuite> <!-- Tests.AwardTest -->
