<?xml version="1.0" encoding="UTF-8"?>
<!-- Generated by org.testng.reporters.JUnitReportReporter -->
<testsuite hostname="aditikhulbe" failures="0" tests="1" name="Tests.userAgreementTest" time="0.000" errors="0" timestamp="05 Jul 2021 11:56:50 GMT" skipped="1">
  <testcase classname="Tests.userAgreementTest" name="OffersPageFunctionality" time="0.000">
    <skipped/>
  </testcase> <!-- OffersPageFunctionality -->
</testsuite> <!-- Tests.userAgreementTest -->
