<?xml version="1.0" encoding="UTF-8"?>
<!-- Generated by org.testng.reporters.JUnitReportReporter -->
<testsuite skipped="0" hostname="aditikhulbe" name="Tests.userAgreementTest" tests="1" failures="0" timestamp="25 Jun 2021 11:45:43 GMT" time="9.292" errors="0">
  <testcase name="OffersPageFunctionality" time="9.292" classname="Tests.userAgreementTest"/>
</testsuite> <!-- Tests.userAgreementTest -->
