<?xml version="1.0" encoding="UTF-8"?>
<!-- Generated by org.testng.reporters.JUnitReportReporter -->
<testsuite skipped="0" hostname="aditikhulbe" name="Tests.AboutUsTest" tests="1" failures="0" timestamp="28 Jun 2021 06:04:37 GMT" time="13.277" errors="0">
  <testcase name="AboutUsFunctionality" time="13.277" classname="Tests.AboutUsTest"/>
</testsuite> <!-- Tests.AboutUsTest -->
