<?xml version="1.0" encoding="UTF-8"?>
<!-- Generated by org.testng.reporters.JUnitReportReporter -->
<testsuite hostname="aditikhulbe" failures="0" tests="1" name="Tests.LoginTest" time="7.157" errors="0" timestamp="29 Jun 2021 07:43:48 GMT" skipped="0">
  <testcase classname="Tests.LoginTest" name="invalidLogin" time="7.157"/>
</testsuite> <!-- Tests.LoginTest -->
