<?xml version="1.0" encoding="UTF-8"?>
<!-- Generated by org.testng.reporters.JUnitReportReporter -->
<testsuite hostname="aditikhulbe" failures="0" tests="1" name="Tests.SMSlinkTest" time="22.220" errors="0" timestamp="01 Jul 2021 04:40:51 GMT" skipped="0">
  <testcase classname="Tests.SMSlinkTest" name="SMSfunctionalityValid" time="22.220"/>
</testsuite> <!-- Tests.SMSlinkTest -->
