<?xml version="1.0" encoding="UTF-8"?>
<!-- Generated by org.testng.reporters.JUnitReportReporter -->
<testsuite hostname="aditikhulbe" failures="0" tests="1" name="Tests.SearchBusTest" time="12.869" errors="0" timestamp="01 Jul 2021 04:41:19 GMT" skipped="0">
  <testcase classname="Tests.SearchBusTest" name="searchBus" time="12.869"/>
</testsuite> <!-- Tests.SearchBusTest -->
