<?xml version="1.0" encoding="UTF-8"?>
<!-- Generated by org.testng.reporters.JUnitReportReporter -->
<testsuite hostname="aditikhulbe" failures="0" tests="5" name="Tests.RpoolTest" time="0.000" errors="0" timestamp="05 Jul 2021 11:56:50 GMT" skipped="5">
  <testcase classname="Tests.RpoolTest" name="RpoolFunctionality5" time="0.000">
    <skipped/>
  </testcase> <!-- RpoolFunctionality5 -->
  <testcase classname="Tests.RpoolTest" name="RpoolFunctionality" time="0.000">
    <skipped/>
  </testcase> <!-- RpoolFunctionality -->
  <testcase classname="Tests.RpoolTest" name="RpoolFunctionality2" time="0.000">
    <skipped/>
  </testcase> <!-- RpoolFunctionality2 -->
  <testcase classname="Tests.RpoolTest" name="RpoolFunctionality4" time="0.000">
    <skipped/>
  </testcase> <!-- RpoolFunctionality4 -->
  <testcase classname="Tests.RpoolTest" name="RpoolFunctionality3" time="0.000">
    <skipped/>
  </testcase> <!-- RpoolFunctionality3 -->
</testsuite> <!-- Tests.RpoolTest -->
