<?xml version="1.0" encoding="UTF-8"?>
<!-- Generated by org.testng.reporters.JUnitReportReporter -->
<testsuite hostname="aditikhulbe" failures="0" tests="1" name="Tests.LoginTest" time="16.298" errors="0" timestamp="29 Jun 2021 09:52:09 GMT" skipped="0">
  <testcase classname="Tests.LoginTest" name="invalidLogin" time="16.298"/>
</testsuite> <!-- Tests.LoginTest -->
