<?xml version="1.0" encoding="UTF-8"?>
<!-- Generated by org.testng.reporters.JUnitReportReporter -->
<testsuite skipped="0" hostname="aditikhulbe" name="Tests.RpoolTest" tests="1" failures="0" timestamp="25 Jun 2021 08:51:08 GMT" time="22.263" errors="0">
  <testcase name="RpoolFunctionality2" time="22.263" classname="Tests.RpoolTest"/>
</testsuite> <!-- Tests.RpoolTest -->
