<?xml version="1.0" encoding="UTF-8"?>
<!-- Generated by org.testng.reporters.JUnitReportReporter -->
<testsuite hostname="aditikhulbe" failures="0" tests="1" name="Tests.MobileTest" time="13.460" errors="0" timestamp="30 Jun 2021 12:10:48 GMT" skipped="0">
  <testcase classname="Tests.MobileTest" name="MobilePageFunctionality" time="13.460"/>
</testsuite> <!-- Tests.MobileTest -->
