<?xml version="1.0" encoding="UTF-8"?>
<!-- Generated by org.testng.reporters.JUnitReportReporter -->
<testsuite hostname="aditikhulbe" failures="0" tests="1" name="Tests.OffersTest" time="14.360" errors="0" timestamp="29 Jun 2021 07:44:59 GMT" skipped="0">
  <testcase classname="Tests.OffersTest" name="OffersPageFunctionality" time="14.360"/>
</testsuite> <!-- Tests.OffersTest -->
