<?xml version="1.0" encoding="UTF-8"?>
<!-- Generated by org.testng.reporters.JUnitReportReporter -->
<testsuite skipped="0" hostname="aditikhulbe" name="Tests.SMSlinkTest" tests="2" failures="0" timestamp="28 Jun 2021 06:06:21 GMT" time="44.161" errors="0">
  <testcase name="SMSfunctionalityValid" time="22.218" classname="Tests.SMSlinkTest"/>
  <testcase name="SMSfunctionalityInvalid" time="21.943" classname="Tests.SMSlinkTest"/>
</testsuite> <!-- Tests.SMSlinkTest -->
