<?xml version="1.0" encoding="UTF-8"?>
<!-- Generated by org.testng.reporters.JUnitReportReporter -->
<testsuite hostname="aditikhulbe" failures="0" tests="1" name="Tests.MobileTest" time="16.098" errors="0" timestamp="29 Jun 2021 07:19:53 GMT" skipped="0">
  <testcase classname="Tests.MobileTest" name="MobilePageFunctionality" time="16.098"/>
</testsuite> <!-- Tests.MobileTest -->
