<?xml version="1.0" encoding="UTF-8"?>
<!-- Generated by org.testng.reporters.JUnitReportReporter -->
<testsuite hostname="aditikhulbe" failures="0" tests="1" name="Tests.ValuesTest" time="15.996" errors="0" timestamp="01 Jul 2021 11:18:18 GMT" skipped="0">
  <testcase classname="Tests.ValuesTest" name="ValuesPageFunctionality" time="15.996"/>
</testsuite> <!-- Tests.ValuesTest -->
