<?xml version="1.0" encoding="UTF-8"?>
<!-- Generated by org.testng.reporters.JUnitReportReporter -->
<testsuite hostname="aditikhulbe" failures="0" tests="2" name="Tests.SocialMediaTest" time="0.000" errors="0" timestamp="04 Jul 2021 09:17:04 GMT" skipped="2">
  <testcase classname="Tests.SocialMediaTest" name="SocialMediaPageFunctionality2" time="0.000">
    <skipped/>
  </testcase> <!-- SocialMediaPageFunctionality2 -->
  <testcase classname="Tests.SocialMediaTest" name="SocialMediaPageFunctionality" time="0.000">
    <skipped/>
  </testcase> <!-- SocialMediaPageFunctionality -->
</testsuite> <!-- Tests.SocialMediaTest -->
